[2025-06-29T09:23:13.928Z] Phạm Ngọc Sơn: Đăng ký
[2025-06-29T09:23:29.238Z] Phạm Ngọc Sơn: Đăng nhập xem thông tin cá nhân
[2025-06-29T09:23:35.566Z] Phạm Ngọc Sơn: Đăng nhập xem thông tin cá nhân
[2025-06-29T09:24:32.144Z] ADMIN: Xem chi tiết user Phạm Ngọc Sơn
[2025-06-29T09:26:20.348Z] Phạm Ngọc Sơn: Đăng nhập xem thông tin cá nhân
[2025-06-29T09:37:00.413Z] Phạm Ngọc Sơn: Đăng nhập xem thông tin cá nhân
[2025-06-29T09:37:38.189Z] Hoàng Văn An: Đăng ký
[2025-06-29T09:42:44.958Z] Bùi Thiên Phú: Đăng ký
[2025-06-29T09:43:57.060Z] Óc: Đăng ký
[2025-06-29T09:44:07.799Z] Óc: Đăng nhập xem thông tin cá nhân
[2025-06-29T09:47:50.214Z] Phạm Ngọc Sơn: Đăng nhập xem thông tin cá nhân
[2025-06-29T10:25:14.069Z] Phạm Ngọc Sơn: Đăng nhập xem thông tin cá nhân
[2025-06-30T06:20:56.026Z] Phạm Ngọc Sơn: Đăng nhập xem thông tin cá nhân
[2025-06-30T06:22:34.374Z] ADMIN: Xem chi tiết user Phạm Ngọc Sơn
[2025-07-01T09:14:16.857Z] Phạm Ngọc Sơn: Đăng nhập xem thông tin cá nhân
[2025-07-01T09:21:42.629Z] Phạm Ngọc Sơn: Đăng nhập xem thông tin cá nhân
[2025-07-01T09:23:32.391Z] Phạm Ngọc Sơn: Đăng nhập xem thông tin cá nhân
[2025-07-01T10:15:57.344Z] : Đăng ký
[2025-07-01T10:28:01.605Z] Phạm Ngọc Sơn: Đăng nhập xem thông tin cá nhân
[2025-07-01T10:34:01.783Z] Phạm Ngọc Sơn: Đăng nhập xem thông tin cá nhân
[2025-07-01T10:43:57.400Z] Phạm Ngọc Sơn: Đăng nhập xem thông tin cá nhân
[2025-07-01T10:45:47.311Z] Phạm Ngọc Sơn: Đăng nhập xem thông tin cá nhân
[2025-07-01T10:47:52.885Z] Phạm Ngọc Sơn: Đăng nhập xem thông tin cá nhân
[2025-07-01T10:47:57.098Z] Phạm Ngọc Sơn: Xóa tài khoản
[2025-07-01T10:50:33.868Z] Phạm Ngọc Sơn: Đăng ký
[2025-07-01T10:51:43.624Z] Phạm Ngọc Sơn: Đăng nhập xem thông tin cá nhân
[2025-07-01T10:54:19.569Z] Phạm Ngọc Sơn: Sửa thông tin cá nhân
[2025-07-01T10:54:40.728Z] Phạm Ngọc Sơn: Sửa thông tin cá nhân
[2025-07-01T11:06:33.088Z] Phạm Ngọc Sơn: Đăng nhập xem thông tin cá nhân
[2025-07-01T11:06:43.190Z] Phạm Ngọc Sơn: Đăng nhập xem thông tin cá nhân
[2025-07-01T11:08:14.865Z] Phạm Ngọc Sơn: Đăng nhập xem thông tin cá nhân
[2025-07-01T11:08:23.232Z] Phạm Ngọc Sơn: Đăng nhập xem thông tin cá nhân
[2025-07-01T11:08:33.376Z] Phạm Ngọc Sơn: Đăng nhập xem thông tin cá nhân
[2025-07-01T11:08:45.682Z] Phạm Ngọc Sơn: Xóa tài khoản
[2025-07-01T11:11:39.919Z] Bùi Thiên Phú: Đăng nhập xem thông tin cá nhân
[2025-07-01T11:13:15.715Z] Bùi Thiên Phú: Xóa tài khoản
[2025-07-01T11:13:45.922Z] Phạm Ngọc Sơn: Đăng ký
[2025-07-01T11:14:03.465Z] Phạm Ngọc Sơn: Đăng nhập xem thông tin cá nhân
[2025-07-01T11:15:10.721Z] Phạm Ngọc Sơn: Sửa thông tin cá nhân
[2025-07-01T11:15:55.356Z] Phạm Ngọc Sơn: Xóa tài khoản
[2025-07-01T11:16:41.105Z] Phạm Ngọc Sơn: Đăng ký
[2025-07-01T11:16:46.855Z] Phạm Ngọc Sơn: Đăng nhập xem thông tin cá nhân
[2025-07-01T11:17:00.755Z] Phạm Ngọc Sơn: Xóa tài khoản
[2025-07-01T11:19:06.554Z] ADMIN: Xem chi tiết user Hoàng Văn An
